<?xml version="1.0" encoding="UTF-8"?>
<testng-results skipped="0" failed="0" total="1" passed="1">
  <reporter-output>
  </reporter-output>
  <suite name="Default suite" duration-ms="9397" started-at="2019-08-16T03:10:20Z" finished-at="2019-08-16T03:10:30Z">
    <groups>
    </groups>
    <test name="Default test" duration-ms="9397" started-at="2019-08-16T03:10:20Z" finished-at="2019-08-16T03:10:30Z">
      <class name="com.gogo.interview.tests.SearchResultsTest">
        <test-method status="PASS" signature="beforeSuite()[pri:0, instance:com.gogo.interview.tests.SearchResultsTest@3abbfa04]" name="beforeSuite" is-config="true" duration-ms="1415" started-at="2019-08-16T08:40:19Z" finished-at="2019-08-16T08:40:20Z">
          <reporter-output>
          </reporter-output>
        </test-method> <!-- beforeSuite -->
        <test-method status="PASS" signature="verifyPublishDateOfBook()[pri:0, instance:com.gogo.interview.tests.SearchResultsTest@3abbfa04]" name="verifyPublishDateOfBook" duration-ms="9389" started-at="2019-08-16T08:40:20Z" finished-at="2019-08-16T08:40:30Z">
          <reporter-output>
          </reporter-output>
        </test-method> <!-- verifyPublishDateOfBook -->
        <test-method status="PASS" signature="afterSuite()[pri:0, instance:com.gogo.interview.tests.SearchResultsTest@3abbfa04]" name="afterSuite" is-config="true" duration-ms="111" started-at="2019-08-16T08:40:30Z" finished-at="2019-08-16T08:40:30Z">
          <reporter-output>
          </reporter-output>
        </test-method> <!-- afterSuite -->
      </class> <!-- com.gogo.interview.tests.SearchResultsTest -->
    </test> <!-- Default test -->
  </suite> <!-- Default suite -->
</testng-results>
